# Logfile created on 2014-05-01 12:29:59 -0700 by logger.rb/44203
I, [2014-05-01T12:29:59.853384 #5162]  INFO -- : 0:  rack (1.5.2) from /Users/adamryan/.rbenv/versions/2.1.0/lib/ruby/gems/2.1.0/specifications/rack-1.5.2.gemspec
I, [2014-05-01T12:29:59.853861 #5162]  INFO -- : 0:  rack-protection (1.5.2) from /Users/adamryan/.rbenv/versions/2.1.0/lib/ruby/gems/2.1.0/specifications/rack-protection-1.5.2.gemspec
I, [2014-05-01T12:29:59.854167 #5162]  INFO -- : 0:  tilt (1.4.1) from /Users/adamryan/.rbenv/versions/2.1.0/lib/ruby/gems/2.1.0/specifications/tilt-1.4.1.gemspec
I, [2014-05-01T12:29:59.854472 #5162]  INFO -- : 0:  sinatra (1.4.4) from /Users/adamryan/.rbenv/versions/2.1.0/lib/ruby/gems/2.1.0/specifications/sinatra-1.4.4.gemspec
I, [2014-05-01T12:29:59.854728 #5162]  INFO -- : 0:  bundler (1.5.1) from /Users/adamryan/.rbenv/versions/2.1.0/lib/ruby/gems/2.1.0/specifications/bundler-1.5.1.gemspec
I, [2014-05-01T12:35:35.369818 #5295]  INFO -- : 0:  daemons (1.1.9) from /Users/adamryan/.rbenv/versions/2.1.0/lib/ruby/gems/2.1.0/specifications/daemons-1.1.9.gemspec
I, [2014-05-01T12:35:48.341290 #5295]  INFO -- : 0:  eventmachine (1.0.3) from /Users/adamryan/.rbenv/versions/2.1.0/lib/ruby/gems/2.1.0/specifications/eventmachine-1.0.3.gemspec
I, [2014-05-01T12:35:48.342063 #5295]  INFO -- : 0:  rack (1.5.2) from /Users/adamryan/.rbenv/versions/2.1.0/lib/ruby/gems/2.1.0/specifications/rack-1.5.2.gemspec
I, [2014-05-01T12:35:48.342533 #5295]  INFO -- : 0:  rack-protection (1.5.2) from /Users/adamryan/.rbenv/versions/2.1.0/lib/ruby/gems/2.1.0/specifications/rack-protection-1.5.2.gemspec
I, [2014-05-01T12:35:48.342984 #5295]  INFO -- : 0:  tilt (1.4.1) from /Users/adamryan/.rbenv/versions/2.1.0/lib/ruby/gems/2.1.0/specifications/tilt-1.4.1.gemspec
I, [2014-05-01T12:35:48.343421 #5295]  INFO -- : 0:  sinatra (1.4.4) from /Users/adamryan/.rbenv/versions/2.1.0/lib/ruby/gems/2.1.0/specifications/sinatra-1.4.4.gemspec
I, [2014-05-01T12:35:49.392892 #5295]  INFO -- : 0:  thin (1.6.2) from /Users/adamryan/.rbenv/versions/2.1.0/lib/ruby/gems/2.1.0/specifications/thin-1.6.2.gemspec
I, [2014-05-01T12:35:49.393625 #5295]  INFO -- : 0:  bundler (1.5.1) from /Users/adamryan/.rbenv/versions/2.1.0/lib/ruby/gems/2.1.0/specifications/bundler-1.5.1.gemspec
I, [2014-05-01T12:38:46.023846 #6113]  INFO -- : 0:  daemons (1.1.9) from /Users/adamryan/.rbenv/versions/2.1.0/lib/ruby/gems/2.1.0/specifications/daemons-1.1.9.gemspec
I, [2014-05-01T12:38:46.024622 #6113]  INFO -- : 0:  eventmachine (1.0.3) from /Users/adamryan/.rbenv/versions/2.1.0/lib/ruby/gems/2.1.0/specifications/eventmachine-1.0.3.gemspec
I, [2014-05-01T12:38:46.025018 #6113]  INFO -- : 0:  rack (1.5.2) from /Users/adamryan/.rbenv/versions/2.1.0/lib/ruby/gems/2.1.0/specifications/rack-1.5.2.gemspec
I, [2014-05-01T12:38:46.025385 #6113]  INFO -- : 0:  rack-protection (1.5.2) from /Users/adamryan/.rbenv/versions/2.1.0/lib/ruby/gems/2.1.0/specifications/rack-protection-1.5.2.gemspec
I, [2014-05-01T12:38:46.025722 #6113]  INFO -- : 0:  tilt (1.4.1) from /Users/adamryan/.rbenv/versions/2.1.0/lib/ruby/gems/2.1.0/specifications/tilt-1.4.1.gemspec
I, [2014-05-01T12:38:46.026068 #6113]  INFO -- : 0:  sinatra (1.4.4) from /Users/adamryan/.rbenv/versions/2.1.0/lib/ruby/gems/2.1.0/specifications/sinatra-1.4.4.gemspec
I, [2014-05-01T12:38:46.026403 #6113]  INFO -- : 0:  thin (1.6.2) from /Users/adamryan/.rbenv/versions/2.1.0/lib/ruby/gems/2.1.0/specifications/thin-1.6.2.gemspec
I, [2014-05-01T12:38:46.026705 #6113]  INFO -- : 0:  bundler (1.5.1) from /Users/adamryan/.rbenv/versions/2.1.0/lib/ruby/gems/2.1.0/specifications/bundler-1.5.1.gemspec
I, [2014-05-01T12:46:02.742439 #6329]  INFO -- : 0:  daemons (1.1.9) from /Users/adamryan/.rbenv/versions/2.1.0/lib/ruby/gems/2.1.0/specifications/daemons-1.1.9.gemspec
I, [2014-05-01T12:46:02.743261 #6329]  INFO -- : 0:  eventmachine (1.0.3) from /Users/adamryan/.rbenv/versions/2.1.0/lib/ruby/gems/2.1.0/specifications/eventmachine-1.0.3.gemspec
I, [2014-05-01T12:46:02.743832 #6329]  INFO -- : 0:  rack (1.5.2) from /Users/adamryan/.rbenv/versions/2.1.0/lib/ruby/gems/2.1.0/specifications/rack-1.5.2.gemspec
I, [2014-05-01T12:46:02.744649 #6329]  INFO -- : 0:  rack-protection (1.5.2) from /Users/adamryan/.rbenv/versions/2.1.0/lib/ruby/gems/2.1.0/specifications/rack-protection-1.5.2.gemspec
I, [2014-05-01T12:46:03.132562 #6329]  INFO -- : 0:  shotgun (0.9) from /Users/adamryan/.rbenv/versions/2.1.0/lib/ruby/gems/2.1.0/specifications/shotgun-0.9.gemspec
I, [2014-05-01T12:46:03.133371 #6329]  INFO -- : 0:  tilt (1.4.1) from /Users/adamryan/.rbenv/versions/2.1.0/lib/ruby/gems/2.1.0/specifications/tilt-1.4.1.gemspec
I, [2014-05-01T12:46:03.134052 #6329]  INFO -- : 0:  sinatra (1.4.4) from /Users/adamryan/.rbenv/versions/2.1.0/lib/ruby/gems/2.1.0/specifications/sinatra-1.4.4.gemspec
I, [2014-05-01T12:46:03.134711 #6329]  INFO -- : 0:  thin (1.6.2) from /Users/adamryan/.rbenv/versions/2.1.0/lib/ruby/gems/2.1.0/specifications/thin-1.6.2.gemspec
I, [2014-05-01T12:46:03.135275 #6329]  INFO -- : 0:  bundler (1.5.1) from /Users/adamryan/.rbenv/versions/2.1.0/lib/ruby/gems/2.1.0/specifications/bundler-1.5.1.gemspec
I, [2014-05-01T12:51:11.029994 #6732]  INFO -- : 0:  daemons (1.1.9) from /Users/adamryan/.rbenv/versions/2.1.0/lib/ruby/gems/2.1.0/specifications/daemons-1.1.9.gemspec
I, [2014-05-01T12:51:11.032566 #6732]  INFO -- : 0:  eventmachine (1.0.3) from /Users/adamryan/.rbenv/versions/2.1.0/lib/ruby/gems/2.1.0/specifications/eventmachine-1.0.3.gemspec
I, [2014-05-01T12:51:11.032993 #6732]  INFO -- : 0:  rack (1.5.2) from /Users/adamryan/.rbenv/versions/2.1.0/lib/ruby/gems/2.1.0/specifications/rack-1.5.2.gemspec
I, [2014-05-01T12:51:11.033384 #6732]  INFO -- : 0:  rack-protection (1.5.2) from /Users/adamryan/.rbenv/versions/2.1.0/lib/ruby/gems/2.1.0/specifications/rack-protection-1.5.2.gemspec
I, [2014-05-01T12:51:11.033767 #6732]  INFO -- : 0:  shotgun (0.9) from /Users/adamryan/.rbenv/versions/2.1.0/lib/ruby/gems/2.1.0/specifications/shotgun-0.9.gemspec
I, [2014-05-01T12:51:11.034143 #6732]  INFO -- : 0:  tilt (1.4.1) from /Users/adamryan/.rbenv/versions/2.1.0/lib/ruby/gems/2.1.0/specifications/tilt-1.4.1.gemspec
I, [2014-05-01T12:51:11.034521 #6732]  INFO -- : 0:  sinatra (1.4.4) from /Users/adamryan/.rbenv/versions/2.1.0/lib/ruby/gems/2.1.0/specifications/sinatra-1.4.4.gemspec
I, [2014-05-01T12:51:11.034914 #6732]  INFO -- : 0:  thin (1.6.2) from /Users/adamryan/.rbenv/versions/2.1.0/lib/ruby/gems/2.1.0/specifications/thin-1.6.2.gemspec
I, [2014-05-01T12:51:11.035250 #6732]  INFO -- : 0:  bundler (1.5.1) from /Users/adamryan/.rbenv/versions/2.1.0/lib/ruby/gems/2.1.0/specifications/bundler-1.5.1.gemspec
I, [2014-05-01T12:51:22.618600 #6764]  INFO -- : 0:  daemons (1.1.9) from /Users/adamryan/.rbenv/versions/2.1.0/lib/ruby/gems/2.1.0/specifications/daemons-1.1.9.gemspec
I, [2014-05-01T12:51:22.619243 #6764]  INFO -- : 0:  eventmachine (1.0.3) from /Users/adamryan/.rbenv/versions/2.1.0/lib/ruby/gems/2.1.0/specifications/eventmachine-1.0.3.gemspec
I, [2014-05-01T12:51:22.619672 #6764]  INFO -- : 0:  rack (1.5.2) from /Users/adamryan/.rbenv/versions/2.1.0/lib/ruby/gems/2.1.0/specifications/rack-1.5.2.gemspec
I, [2014-05-01T12:51:22.620037 #6764]  INFO -- : 0:  rack-protection (1.5.2) from /Users/adamryan/.rbenv/versions/2.1.0/lib/ruby/gems/2.1.0/specifications/rack-protection-1.5.2.gemspec
I, [2014-05-01T12:51:22.620383 #6764]  INFO -- : 0:  tilt (1.4.1) from /Users/adamryan/.rbenv/versions/2.1.0/lib/ruby/gems/2.1.0/specifications/tilt-1.4.1.gemspec
I, [2014-05-01T12:51:22.620723 #6764]  INFO -- : 0:  sinatra (1.4.4) from /Users/adamryan/.rbenv/versions/2.1.0/lib/ruby/gems/2.1.0/specifications/sinatra-1.4.4.gemspec
I, [2014-05-01T12:51:22.621054 #6764]  INFO -- : 0:  thin (1.6.2) from /Users/adamryan/.rbenv/versions/2.1.0/lib/ruby/gems/2.1.0/specifications/thin-1.6.2.gemspec
I, [2014-05-01T12:51:22.621361 #6764]  INFO -- : 0:  bundler (1.5.1) from /Users/adamryan/.rbenv/versions/2.1.0/lib/ruby/gems/2.1.0/specifications/bundler-1.5.1.gemspec
I, [2014-05-01T12:52:25.111081 #6888]  INFO -- : 0:  daemons (1.1.9) from /Users/adamryan/.rbenv/versions/2.1.0/lib/ruby/gems/2.1.0/specifications/daemons-1.1.9.gemspec
I, [2014-05-01T12:52:25.111538 #6888]  INFO -- : 0:  eventmachine (1.0.3) from /Users/adamryan/.rbenv/versions/2.1.0/lib/ruby/gems/2.1.0/specifications/eventmachine-1.0.3.gemspec
I, [2014-05-01T12:52:25.111853 #6888]  INFO -- : 0:  rack (1.5.2) from /Users/adamryan/.rbenv/versions/2.1.0/lib/ruby/gems/2.1.0/specifications/rack-1.5.2.gemspec
I, [2014-05-01T12:52:25.112170 #6888]  INFO -- : 0:  rack-protection (1.5.2) from /Users/adamryan/.rbenv/versions/2.1.0/lib/ruby/gems/2.1.0/specifications/rack-protection-1.5.2.gemspec
I, [2014-05-01T12:52:25.112459 #6888]  INFO -- : 0:  shotgun (0.9) from /Users/adamryan/.rbenv/versions/2.1.0/lib/ruby/gems/2.1.0/specifications/shotgun-0.9.gemspec
I, [2014-05-01T12:52:25.112842 #6888]  INFO -- : 0:  tilt (1.4.1) from /Users/adamryan/.rbenv/versions/2.1.0/lib/ruby/gems/2.1.0/specifications/tilt-1.4.1.gemspec
I, [2014-05-01T12:52:25.113177 #6888]  INFO -- : 0:  sinatra (1.4.4) from /Users/adamryan/.rbenv/versions/2.1.0/lib/ruby/gems/2.1.0/specifications/sinatra-1.4.4.gemspec
I, [2014-05-01T12:52:25.113474 #6888]  INFO -- : 0:  thin (1.6.2) from /Users/adamryan/.rbenv/versions/2.1.0/lib/ruby/gems/2.1.0/specifications/thin-1.6.2.gemspec
I, [2014-05-01T12:52:25.113725 #6888]  INFO -- : 0:  bundler (1.5.1) from /Users/adamryan/.rbenv/versions/2.1.0/lib/ruby/gems/2.1.0/specifications/bundler-1.5.1.gemspec
I, [2014-05-01T12:53:09.551139 #6983]  INFO -- : 0:  daemons (1.1.9) from /Users/adamryan/.rbenv/versions/2.1.0/lib/ruby/gems/2.1.0/specifications/daemons-1.1.9.gemspec
I, [2014-05-01T12:53:09.551568 #6983]  INFO -- : 0:  eventmachine (1.0.3) from /Users/adamryan/.rbenv/versions/2.1.0/lib/ruby/gems/2.1.0/specifications/eventmachine-1.0.3.gemspec
I, [2014-05-01T12:53:09.552158 #6983]  INFO -- : 0:  rack (1.5.2) from /Users/adamryan/.rbenv/versions/2.1.0/lib/ruby/gems/2.1.0/specifications/rack-1.5.2.gemspec
I, [2014-05-01T12:53:09.552657 #6983]  INFO -- : 0:  rack-protection (1.5.2) from /Users/adamryan/.rbenv/versions/2.1.0/lib/ruby/gems/2.1.0/specifications/rack-protection-1.5.2.gemspec
I, [2014-05-01T12:53:09.553124 #6983]  INFO -- : 0:  tilt (1.4.1) from /Users/adamryan/.rbenv/versions/2.1.0/lib/ruby/gems/2.1.0/specifications/tilt-1.4.1.gemspec
I, [2014-05-01T12:53:09.553588 #6983]  INFO -- : 0:  sinatra (1.4.4) from /Users/adamryan/.rbenv/versions/2.1.0/lib/ruby/gems/2.1.0/specifications/sinatra-1.4.4.gemspec
I, [2014-05-01T12:53:09.554039 #6983]  INFO -- : 0:  thin (1.6.2) from /Users/adamryan/.rbenv/versions/2.1.0/lib/ruby/gems/2.1.0/specifications/thin-1.6.2.gemspec
I, [2014-05-01T12:53:09.554456 #6983]  INFO -- : 0:  bundler (1.5.1) from /Users/adamryan/.rbenv/versions/2.1.0/lib/ruby/gems/2.1.0/specifications/bundler-1.5.1.gemspec
I, [2014-05-01T12:59:12.751471 #7159]  INFO -- : 0:  daemons (1.1.9) from /Users/adamryan/.rbenv/versions/2.1.0/lib/ruby/gems/2.1.0/specifications/daemons-1.1.9.gemspec
I, [2014-05-01T12:59:12.754124 #7159]  INFO -- : 0:  eventmachine (1.0.3) from /Users/adamryan/.rbenv/versions/2.1.0/lib/ruby/gems/2.1.0/specifications/eventmachine-1.0.3.gemspec
I, [2014-05-01T12:59:12.754691 #7159]  INFO -- : 0:  rack (1.5.2) from /Users/adamryan/.rbenv/versions/2.1.0/lib/ruby/gems/2.1.0/specifications/rack-1.5.2.gemspec
I, [2014-05-01T12:59:12.755205 #7159]  INFO -- : 0:  rack-protection (1.5.2) from /Users/adamryan/.rbenv/versions/2.1.0/lib/ruby/gems/2.1.0/specifications/rack-protection-1.5.2.gemspec
I, [2014-05-01T12:59:12.755550 #7159]  INFO -- : 0:  tilt (1.4.1) from /Users/adamryan/.rbenv/versions/2.1.0/lib/ruby/gems/2.1.0/specifications/tilt-1.4.1.gemspec
I, [2014-05-01T12:59:12.755870 #7159]  INFO -- : 0:  sinatra (1.4.4) from /Users/adamryan/.rbenv/versions/2.1.0/lib/ruby/gems/2.1.0/specifications/sinatra-1.4.4.gemspec
I, [2014-05-01T12:59:12.756167 #7159]  INFO -- : 0:  thin (1.6.2) from /Users/adamryan/.rbenv/versions/2.1.0/lib/ruby/gems/2.1.0/specifications/thin-1.6.2.gemspec
I, [2014-05-01T12:59:12.756450 #7159]  INFO -- : 0:  bundler (1.5.1) from /Users/adamryan/.rbenv/versions/2.1.0/lib/ruby/gems/2.1.0/specifications/bundler-1.5.1.gemspec
I, [2014-05-01T12:59:41.266966 #7219]  INFO -- : 0:  daemons (1.1.9) from /Users/adamryan/.rbenv/versions/2.1.0/lib/ruby/gems/2.1.0/specifications/daemons-1.1.9.gemspec
I, [2014-05-01T12:59:41.267402 #7219]  INFO -- : 0:  eventmachine (1.0.3) from /Users/adamryan/.rbenv/versions/2.1.0/lib/ruby/gems/2.1.0/specifications/eventmachine-1.0.3.gemspec
I, [2014-05-01T12:59:41.267716 #7219]  INFO -- : 0:  hike (1.2.3) from /Users/adamryan/.rbenv/versions/2.1.0/lib/ruby/gems/2.1.0/specifications/hike-1.2.3.gemspec
I, [2014-05-01T12:59:41.268008 #7219]  INFO -- : 0:  multi_json (1.9.2) from /Users/adamryan/.rbenv/versions/2.1.0/lib/ruby/gems/2.1.0/specifications/multi_json-1.9.2.gemspec
I, [2014-05-01T12:59:41.268320 #7219]  INFO -- : 0:  rack (1.5.2) from /Users/adamryan/.rbenv/versions/2.1.0/lib/ruby/gems/2.1.0/specifications/rack-1.5.2.gemspec
I, [2014-05-01T12:59:41.268605 #7219]  INFO -- : 0:  rack-protection (1.5.2) from /Users/adamryan/.rbenv/versions/2.1.0/lib/ruby/gems/2.1.0/specifications/rack-protection-1.5.2.gemspec
I, [2014-05-01T12:59:41.269083 #7219]  INFO -- : 0:  tilt (1.4.1) from /Users/adamryan/.rbenv/versions/2.1.0/lib/ruby/gems/2.1.0/specifications/tilt-1.4.1.gemspec
I, [2014-05-01T12:59:41.269612 #7219]  INFO -- : 0:  sinatra (1.4.4) from /Users/adamryan/.rbenv/versions/2.1.0/lib/ruby/gems/2.1.0/specifications/sinatra-1.4.4.gemspec
I, [2014-05-01T12:59:41.270030 #7219]  INFO -- : 0:  sprockets (2.12.0) from /Users/adamryan/.rbenv/versions/2.1.0/lib/ruby/gems/2.1.0/specifications/sprockets-2.12.0.gemspec
I, [2014-05-01T12:59:41.270396 #7219]  INFO -- : 0:  thin (1.6.2) from /Users/adamryan/.rbenv/versions/2.1.0/lib/ruby/gems/2.1.0/specifications/thin-1.6.2.gemspec
I, [2014-05-01T12:59:41.270653 #7219]  INFO -- : 0:  bundler (1.5.1) from /Users/adamryan/.rbenv/versions/2.1.0/lib/ruby/gems/2.1.0/specifications/bundler-1.5.1.gemspec
I, [2014-05-01T13:04:03.993031 #7429]  INFO -- : 0:  daemons (1.1.9) from /Users/adamryan/.rbenv/versions/2.1.0/lib/ruby/gems/2.1.0/specifications/daemons-1.1.9.gemspec
I, [2014-05-01T13:04:03.993893 #7429]  INFO -- : 0:  eventmachine (1.0.3) from /Users/adamryan/.rbenv/versions/2.1.0/lib/ruby/gems/2.1.0/specifications/eventmachine-1.0.3.gemspec
I, [2014-05-01T13:04:03.994271 #7429]  INFO -- : 0:  hike (1.2.3) from /Users/adamryan/.rbenv/versions/2.1.0/lib/ruby/gems/2.1.0/specifications/hike-1.2.3.gemspec
I, [2014-05-01T13:04:03.994649 #7429]  INFO -- : 0:  multi_json (1.9.2) from /Users/adamryan/.rbenv/versions/2.1.0/lib/ruby/gems/2.1.0/specifications/multi_json-1.9.2.gemspec
I, [2014-05-01T13:04:03.994993 #7429]  INFO -- : 0:  rack (1.5.2) from /Users/adamryan/.rbenv/versions/2.1.0/lib/ruby/gems/2.1.0/specifications/rack-1.5.2.gemspec
I, [2014-05-01T13:04:03.995352 #7429]  INFO -- : 0:  rack-protection (1.5.2) from /Users/adamryan/.rbenv/versions/2.1.0/lib/ruby/gems/2.1.0/specifications/rack-protection-1.5.2.gemspec
I, [2014-05-01T13:04:03.995709 #7429]  INFO -- : 0:  tilt (1.4.1) from /Users/adamryan/.rbenv/versions/2.1.0/lib/ruby/gems/2.1.0/specifications/tilt-1.4.1.gemspec
I, [2014-05-01T13:04:03.996072 #7429]  INFO -- : 0:  sinatra (1.4.4) from /Users/adamryan/.rbenv/versions/2.1.0/lib/ruby/gems/2.1.0/specifications/sinatra-1.4.4.gemspec
I, [2014-05-01T13:04:03.996462 #7429]  INFO -- : 0:  sprockets (2.12.0) from /Users/adamryan/.rbenv/versions/2.1.0/lib/ruby/gems/2.1.0/specifications/sprockets-2.12.0.gemspec
I, [2014-05-01T13:04:04.578311 #7429]  INFO -- : 0:  sprockets-sass (1.1.0) from /Users/adamryan/.rbenv/versions/2.1.0/lib/ruby/gems/2.1.0/specifications/sprockets-sass-1.1.0.gemspec
I, [2014-05-01T13:04:04.578946 #7429]  INFO -- : 0:  thin (1.6.2) from /Users/adamryan/.rbenv/versions/2.1.0/lib/ruby/gems/2.1.0/specifications/thin-1.6.2.gemspec
I, [2014-05-01T13:04:04.579294 #7429]  INFO -- : 0:  bundler (1.5.1) from /Users/adamryan/.rbenv/versions/2.1.0/lib/ruby/gems/2.1.0/specifications/bundler-1.5.1.gemspec
I, [2014-05-01T13:06:00.492917 #7511]  INFO -- : 0:  daemons (1.1.9) from /Users/adamryan/.rbenv/versions/2.1.0/lib/ruby/gems/2.1.0/specifications/daemons-1.1.9.gemspec
I, [2014-05-01T13:06:00.493755 #7511]  INFO -- : 0:  eventmachine (1.0.3) from /Users/adamryan/.rbenv/versions/2.1.0/lib/ruby/gems/2.1.0/specifications/eventmachine-1.0.3.gemspec
I, [2014-05-01T13:06:00.494285 #7511]  INFO -- : 0:  hike (1.2.3) from /Users/adamryan/.rbenv/versions/2.1.0/lib/ruby/gems/2.1.0/specifications/hike-1.2.3.gemspec
I, [2014-05-01T13:06:00.494730 #7511]  INFO -- : 0:  multi_json (1.9.2) from /Users/adamryan/.rbenv/versions/2.1.0/lib/ruby/gems/2.1.0/specifications/multi_json-1.9.2.gemspec
I, [2014-05-01T13:06:00.495123 #7511]  INFO -- : 0:  rack (1.5.2) from /Users/adamryan/.rbenv/versions/2.1.0/lib/ruby/gems/2.1.0/specifications/rack-1.5.2.gemspec
I, [2014-05-01T13:06:00.495549 #7511]  INFO -- : 0:  rack-protection (1.5.2) from /Users/adamryan/.rbenv/versions/2.1.0/lib/ruby/gems/2.1.0/specifications/rack-protection-1.5.2.gemspec
I, [2014-05-01T13:06:00.495966 #7511]  INFO -- : 0:  sass (3.2.17) from /Users/adamryan/.rbenv/versions/2.1.0/lib/ruby/gems/2.1.0/specifications/sass-3.2.17.gemspec
I, [2014-05-01T13:06:00.496359 #7511]  INFO -- : 0:  tilt (1.4.1) from /Users/adamryan/.rbenv/versions/2.1.0/lib/ruby/gems/2.1.0/specifications/tilt-1.4.1.gemspec
I, [2014-05-01T13:06:00.496784 #7511]  INFO -- : 0:  sinatra (1.4.4) from /Users/adamryan/.rbenv/versions/2.1.0/lib/ruby/gems/2.1.0/specifications/sinatra-1.4.4.gemspec
I, [2014-05-01T13:06:00.497196 #7511]  INFO -- : 0:  sprockets (2.12.0) from /Users/adamryan/.rbenv/versions/2.1.0/lib/ruby/gems/2.1.0/specifications/sprockets-2.12.0.gemspec
I, [2014-05-01T13:06:00.497592 #7511]  INFO -- : 0:  sprockets-sass (1.1.0) from /Users/adamryan/.rbenv/versions/2.1.0/lib/ruby/gems/2.1.0/specifications/sprockets-sass-1.1.0.gemspec
I, [2014-05-01T13:06:00.497985 #7511]  INFO -- : 0:  thin (1.6.2) from /Users/adamryan/.rbenv/versions/2.1.0/lib/ruby/gems/2.1.0/specifications/thin-1.6.2.gemspec
I, [2014-05-01T13:06:00.498345 #7511]  INFO -- : 0:  bundler (1.5.1) from /Users/adamryan/.rbenv/versions/2.1.0/lib/ruby/gems/2.1.0/specifications/bundler-1.5.1.gemspec
I, [2014-05-01T13:30:33.456080 #7751]  INFO -- : 0:  daemons (1.1.9) from /Users/adamryan/.rbenv/versions/2.1.0/lib/ruby/gems/2.1.0/specifications/daemons-1.1.9.gemspec
I, [2014-05-01T13:30:33.457309 #7751]  INFO -- : 0:  eventmachine (1.0.3) from /Users/adamryan/.rbenv/versions/2.1.0/lib/ruby/gems/2.1.0/specifications/eventmachine-1.0.3.gemspec
I, [2014-05-01T13:30:33.457747 #7751]  INFO -- : 0:  hike (1.2.3) from /Users/adamryan/.rbenv/versions/2.1.0/lib/ruby/gems/2.1.0/specifications/hike-1.2.3.gemspec
I, [2014-05-01T13:30:33.458147 #7751]  INFO -- : 0:  multi_json (1.9.2) from /Users/adamryan/.rbenv/versions/2.1.0/lib/ruby/gems/2.1.0/specifications/multi_json-1.9.2.gemspec
I, [2014-05-01T13:30:33.458480 #7751]  INFO -- : 0:  rack (1.5.2) from /Users/adamryan/.rbenv/versions/2.1.0/lib/ruby/gems/2.1.0/specifications/rack-1.5.2.gemspec
I, [2014-05-01T13:30:33.458806 #7751]  INFO -- : 0:  rack-protection (1.5.2) from /Users/adamryan/.rbenv/versions/2.1.0/lib/ruby/gems/2.1.0/specifications/rack-protection-1.5.2.gemspec
I, [2014-05-01T13:30:33.459168 #7751]  INFO -- : 0:  sass (3.2.17) from /Users/adamryan/.rbenv/versions/2.1.0/lib/ruby/gems/2.1.0/specifications/sass-3.2.17.gemspec
I, [2014-05-01T13:30:33.459486 #7751]  INFO -- : 0:  tilt (1.4.1) from /Users/adamryan/.rbenv/versions/2.1.0/lib/ruby/gems/2.1.0/specifications/tilt-1.4.1.gemspec
I, [2014-05-01T13:30:33.459819 #7751]  INFO -- : 0:  sinatra (1.4.4) from /Users/adamryan/.rbenv/versions/2.1.0/lib/ruby/gems/2.1.0/specifications/sinatra-1.4.4.gemspec
I, [2014-05-01T13:30:33.460139 #7751]  INFO -- : 0:  sprockets (2.12.0) from /Users/adamryan/.rbenv/versions/2.1.0/lib/ruby/gems/2.1.0/specifications/sprockets-2.12.0.gemspec
I, [2014-05-01T13:30:33.460499 #7751]  INFO -- : 0:  sprockets-sass (1.1.0) from /Users/adamryan/.rbenv/versions/2.1.0/lib/ruby/gems/2.1.0/specifications/sprockets-sass-1.1.0.gemspec
I, [2014-05-01T13:30:33.460816 #7751]  INFO -- : 0:  thin (1.6.2) from /Users/adamryan/.rbenv/versions/2.1.0/lib/ruby/gems/2.1.0/specifications/thin-1.6.2.gemspec
I, [2014-05-01T13:30:33.461097 #7751]  INFO -- : 0:  bundler (1.5.1) from /Users/adamryan/.rbenv/versions/2.1.0/lib/ruby/gems/2.1.0/specifications/bundler-1.5.1.gemspec
I, [2014-05-01T13:36:13.612794 #7850]  INFO -- : 0:  backports (3.6.0) from /Users/adamryan/.rbenv/versions/2.1.0/lib/ruby/gems/2.1.0/specifications/backports-3.6.0.gemspec
I, [2014-05-01T13:36:13.613653 #7850]  INFO -- : 0:  daemons (1.1.9) from /Users/adamryan/.rbenv/versions/2.1.0/lib/ruby/gems/2.1.0/specifications/daemons-1.1.9.gemspec
I, [2014-05-01T13:36:13.614028 #7850]  INFO -- : 0:  eventmachine (1.0.3) from /Users/adamryan/.rbenv/versions/2.1.0/lib/ruby/gems/2.1.0/specifications/eventmachine-1.0.3.gemspec
I, [2014-05-01T13:36:13.614467 #7850]  INFO -- : 0:  hike (1.2.3) from /Users/adamryan/.rbenv/versions/2.1.0/lib/ruby/gems/2.1.0/specifications/hike-1.2.3.gemspec
I, [2014-05-01T13:36:13.614812 #7850]  INFO -- : 0:  multi_json (1.9.2) from /Users/adamryan/.rbenv/versions/2.1.0/lib/ruby/gems/2.1.0/specifications/multi_json-1.9.2.gemspec
I, [2014-05-01T13:36:13.615128 #7850]  INFO -- : 0:  rack (1.5.2) from /Users/adamryan/.rbenv/versions/2.1.0/lib/ruby/gems/2.1.0/specifications/rack-1.5.2.gemspec
I, [2014-05-01T13:36:13.615455 #7850]  INFO -- : 0:  rack-protection (1.5.2) from /Users/adamryan/.rbenv/versions/2.1.0/lib/ruby/gems/2.1.0/specifications/rack-protection-1.5.2.gemspec
I, [2014-05-01T13:36:13.615778 #7850]  INFO -- : 0:  rack-test (0.6.2) from /Users/adamryan/.rbenv/versions/2.1.0/lib/ruby/gems/2.1.0/specifications/rack-test-0.6.2.gemspec
I, [2014-05-01T13:36:13.616114 #7850]  INFO -- : 0:  sass (3.2.17) from /Users/adamryan/.rbenv/versions/2.1.0/lib/ruby/gems/2.1.0/specifications/sass-3.2.17.gemspec
I, [2014-05-01T13:36:13.616428 #7850]  INFO -- : 0:  tilt (1.4.1) from /Users/adamryan/.rbenv/versions/2.1.0/lib/ruby/gems/2.1.0/specifications/tilt-1.4.1.gemspec
I, [2014-05-01T13:36:13.616757 #7850]  INFO -- : 0:  sinatra (1.4.4) from /Users/adamryan/.rbenv/versions/2.1.0/lib/ruby/gems/2.1.0/specifications/sinatra-1.4.4.gemspec
I, [2014-05-01T13:36:14.072719 #7850]  INFO -- : 0:  sinatra-contrib (1.4.2) from /Users/adamryan/.rbenv/versions/2.1.0/lib/ruby/gems/2.1.0/specifications/sinatra-contrib-1.4.2.gemspec
I, [2014-05-01T13:36:14.073306 #7850]  INFO -- : 0:  sprockets (2.12.0) from /Users/adamryan/.rbenv/versions/2.1.0/lib/ruby/gems/2.1.0/specifications/sprockets-2.12.0.gemspec
I, [2014-05-01T13:36:14.073718 #7850]  INFO -- : 0:  sprockets-sass (1.1.0) from /Users/adamryan/.rbenv/versions/2.1.0/lib/ruby/gems/2.1.0/specifications/sprockets-sass-1.1.0.gemspec
I, [2014-05-01T13:36:14.074103 #7850]  INFO -- : 0:  thin (1.6.2) from /Users/adamryan/.rbenv/versions/2.1.0/lib/ruby/gems/2.1.0/specifications/thin-1.6.2.gemspec
I, [2014-05-01T13:36:14.074436 #7850]  INFO -- : 0:  bundler (1.5.1) from /Users/adamryan/.rbenv/versions/2.1.0/lib/ruby/gems/2.1.0/specifications/bundler-1.5.1.gemspec
